<?xml version="1.0" encoding="UTF-8"?>
<testng-results ignored="0" total="1" passed="1" failed="0" skipped="0">
  <reporter-output>
  </reporter-output>
  <suite started-at="2025-03-07T22:35:10 IST" name="Default suite" finished-at="2025-03-07T22:35:43 IST" duration-ms="33371">
    <groups>
      <group name="smoke">
        <method signature="EndToEndTest.endToEndTest()[pri:0, instance:MyStoreTestCases.EndToEndTest@13e344d]" name="endToEndTest" class="MyStoreTestCases.EndToEndTest"/>
      </group> <!-- smoke -->
    </groups>
    <test started-at="2025-03-07T22:35:10 IST" name="Default test" finished-at="2025-03-07T22:35:43 IST" duration-ms="33371">
      <class name="MyStoreTestCases.EndToEndTest">
        <test-method is-config="true" signature="beforeSuitConfig()[pri:0, instance:MyStoreTestCases.EndToEndTest@13e344d]" started-at="2025-03-07T22:35:10 IST" name="beforeSuitConfig" finished-at="2025-03-07T22:35:10 IST" duration-ms="12" status="PASS">
          <reporter-output>
          </reporter-output>
        </test-method> <!-- beforeSuitConfig -->
        <test-method is-config="true" signature="beforeclassConfig()[pri:0, instance:MyStoreTestCases.EndToEndTest@13e344d]" started-at="2025-03-07T22:35:10 IST" name="beforeclassConfig" finished-at="2025-03-07T22:35:23 IST" duration-ms="12546" status="PASS">
          <reporter-output>
          </reporter-output>
        </test-method> <!-- beforeclassConfig -->
        <test-method signature="endToEndTest()[pri:0, instance:MyStoreTestCases.EndToEndTest@13e344d]" started-at="2025-03-07T22:35:23 IST" name="endToEndTest" finished-at="2025-03-07T22:35:43 IST" duration-ms="20761" status="PASS">
          <reporter-output>
          </reporter-output>
        </test-method> <!-- endToEndTest -->
      </class> <!-- MyStoreTestCases.EndToEndTest -->
    </test> <!-- Default test -->
  </suite> <!-- Default suite -->
</testng-results>
